08-07-2021 20:49:48 INFO [BaseClass]: #### Starting Test Execution for Purchase Order ####
08-07-2021 20:49:48 INFO [BaseClass]: 3 rows returned from excel sheet
08-07-2021 20:49:48 INFO [BaseClass]: ################## Start Case 1 for Order Id : 4631084956###############
08-07-2021 20:49:48 INFO [BaseClass]: ********************** searchOrderMain method Called ************************
08-07-2021 20:49:52 INFO [BaseClass]: Order details are available for Order Id : 4631084956
08-07-2021 20:49:53 INFO [BaseClass]: Duplicates values are not present for Order Id : 4631084956
08-07-2021 20:49:53 INFO [BaseClass]: ********************** isMoreLinkPresent method Called ************************
08-07-2021 20:49:58 INFO [BaseClass]: ********************** clickMoreLink method Called ************************
08-07-2021 20:49:58 INFO [BaseClass]: ********************** getTrackDetails method Called ************************
08-07-2021 20:49:58 INFO [BaseClass]: Tracking details for order ID 4631084956 is : 
Carrier: CON-WAY Tracking Number: 621401756
08-07-2021 20:49:58 INFO [BaseClass]: ################## End Case 1 for Order Id : 4631084956###############
08-07-2021 20:49:58 INFO [BaseClass]: ################## Start Case 2 for Order Id : 4631081326###############
08-07-2021 20:49:58 INFO [BaseClass]: ********************** searchOrder method Called ************************
08-07-2021 20:50:02 INFO [BaseClass]: Order details are available for Order Id : 4631081326
08-07-2021 20:50:02 INFO [BaseClass]: Duplicates values are not present for Order Id : 4631081326
08-07-2021 20:50:02 INFO [BaseClass]: ********************** isMoreLinkPresent method Called ************************
08-07-2021 20:50:07 INFO [BaseClass]: ********************** clickMoreLink method Called ************************
08-07-2021 20:50:08 INFO [BaseClass]: ********************** getTrackDetails method Called ************************
08-07-2021 20:50:08 INFO [BaseClass]: Tracking details for order ID 4631081326 is : 
Carrier: CON-WAY Tracking Number: 621401760
08-07-2021 20:50:08 INFO [BaseClass]: ################## End Case 2 for Order Id : 4631081326###############
08-07-2021 20:50:08 INFO [BaseClass]: ################## Start Case 3 for Order Id : 36797###############
08-07-2021 20:50:08 INFO [BaseClass]: ********************** searchOrder method Called ************************
08-07-2021 20:50:12 INFO [BaseClass]: Order details are available for Order Id : 36797
08-07-2021 20:50:12 INFO [BaseClass]: Duplicates values are present for Order Id : 36797 skipping Track Details fetch ....
08-07-2021 20:50:12 INFO [BaseClass]: ################## End Case 3 for Order Id : 36797###############
08-07-2021 20:50:12 INFO [BaseClass]: ################## End Case 3 for Order Id : 36797###############
08-07-2021 20:50:13 INFO [BaseClass]:  ##**********EXIT TEST *************##
08-07-2021 20:50:32 INFO [BaseClass]: #### Starting Sales Order Test Execution ####
08-07-2021 20:50:32 INFO [BaseClass]: 8 rows returned from excel sheet
08-07-2021 20:50:32 INFO [BaseClass]: Executing Case 1 for Order Id : 10194902
08-07-2021 20:50:32 INFO [BaseClass]: Searching from landing page search
08-07-2021 20:50:32 INFO [BaseClass]: ********************** searchOrderMain method Called ************************
08-07-2021 20:50:36 INFO [BaseClass]: Order details are available for Order Id : 10194902
08-07-2021 20:50:37 INFO [BaseClass]: Duplicates values are not present for Order Id : 10194902
08-07-2021 20:50:37 INFO [BaseClass]: ********************** isMoreLinkPresent method Called ************************
08-07-2021 20:50:42 INFO [BaseClass]: ********************** clickMoreLink method Called ************************
08-07-2021 20:50:42 INFO [BaseClass]: ********************** getTrackDetails method Called ************************
08-07-2021 20:50:42 INFO [BaseClass]: Tracking details for order ID 10194902 is : 
Carrier: CON-WAY Tracking Number: 621401760
08-07-2021 20:50:42 INFO [BaseClass]: Executing Case 2 for Order Id : 10194905
08-07-2021 20:50:42 INFO [BaseClass]: ********************** searchOrder method Called ************************
08-07-2021 20:50:46 INFO [BaseClass]: Order details are available for Order Id : 10194905
08-07-2021 20:50:46 INFO [BaseClass]: Duplicates values are not present for Order Id : 10194905
08-07-2021 20:50:46 INFO [BaseClass]: ********************** isMoreLinkPresent method Called ************************
08-07-2021 20:50:51 INFO [BaseClass]: ********************** clickMoreLink method Called ************************
08-07-2021 20:50:52 INFO [BaseClass]: ********************** getTrackDetails method Called ************************
08-07-2021 20:50:52 INFO [BaseClass]: Tracking details for order ID 10194905 is : 
Carrier: CON-WAY Tracking Number: 621401756
08-07-2021 20:50:52 INFO [BaseClass]: Executing Case 3 for Order Id : 10194995
08-07-2021 20:50:52 INFO [BaseClass]: ********************** searchOrder method Called ************************
08-07-2021 20:50:56 INFO [BaseClass]: Order details are available for Order Id : 10194995
08-07-2021 20:50:56 INFO [BaseClass]: Duplicates values are not present for Order Id : 10194995
08-07-2021 20:50:56 INFO [BaseClass]: ********************** isMoreLinkPresent method Called ************************
08-07-2021 20:51:01 INFO [BaseClass]: ********************** clickMoreLink method Called ************************
08-07-2021 20:51:01 INFO [BaseClass]: ********************** getTrackDetails method Called ************************
08-07-2021 20:51:01 INFO [BaseClass]: Tracking details for order ID 10194995 is : 
Carrier: FEDEX GROUND Tracking Number: 147751653593
08-07-2021 20:51:01 INFO [BaseClass]: Executing Case 4 for Order Id : 100022364
08-07-2021 20:51:01 INFO [BaseClass]: ********************** searchOrder method Called ************************
08-07-2021 20:51:06 INFO [BaseClass]: Order details are available for Order Id : 100022364
08-07-2021 20:51:06 INFO [BaseClass]: Duplicates values are not present for Order Id : 100022364
08-07-2021 20:51:06 INFO [BaseClass]: ********************** isMoreLinkPresent method Called ************************
08-07-2021 20:51:17 INFO [BaseClass]: Tracking number is not available
08-07-2021 20:51:17 INFO [BaseClass]: Executing Case 5 for Order Id : 10003951
08-07-2021 20:51:17 INFO [BaseClass]: ********************** searchOrder method Called ************************
08-07-2021 20:51:21 INFO [BaseClass]: Order details are available for Order Id : 10003951
08-07-2021 20:51:22 INFO [BaseClass]: Duplicates values are present for Order Id : 10003951 skipping Track Details fetch ....
08-07-2021 20:51:22 INFO [BaseClass]: Executing Case 6 for Order Id : 6215814
08-07-2021 20:51:22 INFO [BaseClass]: Searching from landing page search
08-07-2021 20:51:22 INFO [BaseClass]: ********************** searchOrderMain method Called ************************
08-07-2021 20:51:26 INFO [BaseClass]: Order details are available for Order Id : 6215814
08-07-2021 20:51:26 INFO [BaseClass]: Duplicates values are not present for Order Id : 6215814
08-07-2021 20:51:26 INFO [BaseClass]: ********************** isMoreLinkPresent method Called ************************
08-07-2021 20:51:31 INFO [BaseClass]: ********************** clickMoreLink method Called ************************
08-07-2021 20:51:31 INFO [BaseClass]: ********************** getTrackDetails method Called ************************
08-07-2021 20:51:31 INFO [BaseClass]: Tracking details for order ID 6215814 is : 
Carrier: FEDEX GROUND Tracking Number: 952575143477
08-07-2021 20:51:31 INFO [BaseClass]: Executing Case 7 for Order Id : 190022398
08-07-2021 20:51:31 INFO [BaseClass]: ********************** searchOrder method Called ************************
08-07-2021 20:51:36 INFO [BaseClass]: Order Not Found
08-07-2021 20:51:36 INFO [BaseClass]: Order details are not available for Order Id : 190022398 skipping Duplicate Check and Track Details fetch ....
08-07-2021 20:51:36 INFO [BaseClass]: Executing Case 8 for Order Id : 6221985
08-07-2021 20:51:36 INFO [BaseClass]: ********************** searchOrder method Called ************************
08-07-2021 20:51:40 INFO [BaseClass]: Order Not Found
08-07-2021 20:51:40 INFO [BaseClass]: Order details are not available for Order Id : 6221985 skipping Duplicate Check and Track Details fetch ....
08-07-2021 20:51:41 INFO [BaseClass]:  ##**********EXIT TEST *************##
